<?xml version="1.0" encoding="UTF-8"?>
<!-- Generated by org.testng.reporters.JUnitXMLReporter -->
<testsuite ignored="3" hostname="HariRaju-PC" failures="1" tests="1" name="Test2" time="1.023" errors="0" timestamp="2025-01-19T23:46:13 IST">
  <testcase classname="listeners.Testclass1" name="testMethod3" time="1.008">
    <failure type="org.testng.internal.thread.ThreadTimeoutException" message="Method listeners.Testclass1.testMethod3() didn&amp;apos;t finish within the time-out 1000">
      <![CDATA[org.testng.internal.thread.ThreadTimeoutException: Method listeners.Testclass1.testMethod3() didn't finish within the time-out 1000
at java.base/java.util.ArrayList.forEach(ArrayList.java:1511)
... Removed 24 stack frames]]>
    </failure>
  </testcase> <!-- testMethod3 -->
  <testcase classname="listeners.Testclass1" name="testMethod1" time="0.0">
    <ignored/>
  </testcase> <!-- testMethod1 -->
  <testcase classname="listeners.Testclass1" name="testMethod2" time="0.0">
    <ignored/>
  </testcase> <!-- testMethod2 -->
  <testcase classname="listeners.Testclass1" name="testMethod4" time="0.0">
    <ignored/>
  </testcase> <!-- testMethod4 -->
</testsuite> <!-- Test2 -->
