<?xml version="1.0" encoding="UTF-8"?>
<!-- Generated by org.testng.reporters.JUnitXMLReporter -->
<testsuite ignored="2" hostname="HariRaju-PC" failures="1" tests="2" name="Test1" time="0.084" errors="0" timestamp="2025-01-19T23:46:12 IST">
  <testcase classname="listeners.Testclass1" name="testMethod1" time="0.012"/>
  <testcase classname="listeners.Testclass1" name="testMethod2" time="0.007">
    <failure type="java.lang.AssertionError">
      <![CDATA[java.lang.AssertionError
at org.junit.Assert.fail(Assert.java:87)
at org.junit.Assert.assertTrue(Assert.java:42)
at org.junit.Assert.assertTrue(Assert.java:53)
at listeners.Testclass1.testMethod2(Testclass1.java:17)
at java.base/java.util.ArrayList.forEach(ArrayList.java:1511)
... Removed 27 stack frames]]>
    </failure>
  </testcase> <!-- testMethod2 -->
  <testcase classname="listeners.Testclass1" name="testMethod4" time="0.0">
    <ignored/>
  </testcase> <!-- testMethod4 -->
  <testcase classname="listeners.Testclass1" name="testMethod3" time="0.0">
    <ignored/>
  </testcase> <!-- testMethod3 -->
</testsuite> <!-- Test1 -->
